This file contains any messages produced by compilers while
running configure, to aid debugging if configure makes a mistake.

It was created by opentsdb configure 2.3.0, which was
generated by GNU Autoconf 2.63.  Invocation command line was

  $ ../configure pom.xml

## --------- ##
## Platform. ##
## --------- ##

hostname = T-T.local
uname -m = x86_64
uname -r = 16.5.0
uname -s = Darwin
uname -v = Darwin Kernel Version 16.5.0: Fri Mar  3 16:52:33 PST 2017; root:xnu-3789.51.2~3/RELEASE_X86_64

/usr/bin/uname -p = i386
/bin/uname -X     = unknown

/bin/arch              = unknown
/usr/bin/arch -k       = unknown
/usr/convex/getsysinfo = unknown
/usr/bin/hostinfo      = Mach kernel version:
	 Darwin Kernel Version 16.5.0: Fri Mar  3 16:52:33 PST 2017; root:xnu-3789.51.2~3/RELEASE_X86_64
Kernel configured for up to 8 processors.
4 processors are physically available.
8 processors are logically available.
Processor type: x86_64h (Intel x86-64h Haswell)
Processors active: 0 1 2 3 4 5 6 7
Primary memory available: 16.00 gigabytes
Default processor set: 363 tasks, 1867 threads, 8 processors
Load average: 2.88, Mach factor: 5.11
/bin/machine           = unknown
/usr/bin/oslevel       = unknown
/bin/universe          = unknown

PATH: /Library/Frameworks/Python.framework/Versions/2.7/bin
PATH: /usr/local/bin
PATH: /usr/bin
PATH: /bin
PATH: /usr/sbin
PATH: /sbin
PATH: /usr/local/go/bin
PATH: /xym/env/apache-maven-3.3.9//bin
PATH: /xym/env/scala-2.11.8/bin
PATH: /xym/env/gradle-3.2.1/bin
PATH: /xym/env/hadoop//bin
PATH: /xym/env/hbase//bin
PATH: /Library/Java/JavaVirtualMachines/jdk1.8.0_112.jdk/Contents/Home/bin
PATH: /xym/env/scala-2.11.8/bin
PATH: /xym/env/apache-ant-1.9.7/bin
PATH: /usr/local/mysql/bin


## ----------- ##
## Core tests. ##
## ----------- ##

configure:1807: checking for a BSD-compatible install
configure:1875: result: /usr/local/bin/ginstall -c
configure:1886: checking whether build environment is sane
configure:1946: result: yes
configure:2087: checking for a thread-safe mkdir -p
configure:2126: result: /usr/local/bin/gmkdir -p
configure:2139: checking for gawk
configure:2169: result: no
configure:2139: checking for mawk
configure:2169: result: no
configure:2139: checking for nawk
configure:2169: result: no
configure:2139: checking for awk
configure:2155: found /usr/bin/awk
configure:2166: result: awk
configure:2177: checking whether make sets $(MAKE)
configure:2199: result: yes
configure:2355: checking for md5sum
configure:2388: result: no
configure:2355: checking for md5
configure:2373: found /sbin/md5
configure:2385: result: /sbin/md5
configure:2409: checking for java
configure:2427: found /usr/bin/java
configure:2439: result: /usr/bin/java
configure:2460: checking for javac
configure:2478: found /usr/bin/javac
configure:2490: result: /usr/bin/javac
configure:2511: checking for jar
configure:2529: found /usr/bin/jar
configure:2541: result: /usr/bin/jar
configure:2564: checking for true
configure:2582: found /usr/bin/true
configure:2594: result: /usr/bin/true
configure:2613: checking for javadoc
configure:2631: found /usr/bin/javadoc
configure:2643: result: /usr/bin/javadoc
configure:2658: checking for wget
configure:2676: found /usr/local/bin/wget
configure:2688: result: /usr/local/bin/wget
configure:2698: checking for curl
configure:2716: found /usr/bin/curl
configure:2728: result: /usr/bin/curl
configure:2913: creating ./config.status

## ---------------------- ##
## Running config.status. ##
## ---------------------- ##

This file was extended by opentsdb config.status 2.3.0, which was
generated by GNU Autoconf 2.63.  Invocation command line was

  CONFIG_FILES    = 
  CONFIG_HEADERS  = 
  CONFIG_LINKS    = 
  CONFIG_COMMANDS = 
  $ ./config.status 

on T-T.local

config.status:675: creating Makefile
config.status:675: creating opentsdb.spec
config.status:675: creating build-aux/fetchdep.sh

## ---------------- ##
## Cache variables. ##
## ---------------- ##

ac_cv_env_build_alias_set=set
ac_cv_env_build_alias_value=pom.xml
ac_cv_env_host_alias_set=set
ac_cv_env_host_alias_value=pom.xml
ac_cv_env_target_alias_set=set
ac_cv_env_target_alias_value=pom.xml
ac_cv_path_CURL=/usr/bin/curl
ac_cv_path_GNUPLOT=/usr/bin/true
ac_cv_path_JAR=/usr/bin/jar
ac_cv_path_JAVA=/usr/bin/java
ac_cv_path_JAVAC=/usr/bin/javac
ac_cv_path_JAVADOC=/usr/bin/javadoc
ac_cv_path_MD5=/sbin/md5
ac_cv_path_WGET=/usr/local/bin/wget
ac_cv_path_install='/usr/local/bin/ginstall -c'
ac_cv_path_mkdir=/usr/local/bin/gmkdir
ac_cv_prog_AWK=awk
ac_cv_prog_make_make_set=yes

## ----------------- ##
## Output variables. ##
## ----------------- ##

ACLOCAL='${SHELL} /xym/work_space/opentsdb/opentsdb-2.3.0/build-aux/missing --run aclocal-1.11'
AMTAR='${SHELL} /xym/work_space/opentsdb/opentsdb-2.3.0/build-aux/missing --run tar'
AUTOCONF='${SHELL} /xym/work_space/opentsdb/opentsdb-2.3.0/build-aux/missing --run autoconf'
AUTOHEADER='${SHELL} /xym/work_space/opentsdb/opentsdb-2.3.0/build-aux/missing --run autoheader'
AUTOMAKE='${SHELL} /xym/work_space/opentsdb/opentsdb-2.3.0/build-aux/missing --run automake-1.11'
AWK='awk'
BIGTABLE_FALSE=''
BIGTABLE_TRUE='#'
CASSANDRA_FALSE=''
CASSANDRA_TRUE='#'
CURL='/usr/bin/curl'
CYGPATH_W='echo'
DEFS='-DPACKAGE_NAME=\"opentsdb\" -DPACKAGE_TARNAME=\"opentsdb\" -DPACKAGE_VERSION=\"2.3.0\" -DPACKAGE_STRING=\"opentsdb\ 2.3.0\" -DPACKAGE_BUGREPORT=\"opentsdb@googlegroups.com\" -DPACKAGE=\"opentsdb\" -DVERSION=\"2.3.0\"'
ECHO_C='\c'
ECHO_N=''
ECHO_T=''
GNUPLOT='/usr/bin/true'
INSTALL_DATA='${INSTALL} -m 644'
INSTALL_PROGRAM='${INSTALL}'
INSTALL_SCRIPT='${INSTALL}'
INSTALL_STRIP_PROGRAM='$(install_sh) -c -s'
JAR='/usr/bin/jar'
JAVA='/usr/bin/java'
JAVAC='/usr/bin/javac'
JAVADOC='/usr/bin/javadoc'
LIBOBJS=''
LIBS=''
LTLIBOBJS=''
MAKEINFO='${SHELL} /xym/work_space/opentsdb/opentsdb-2.3.0/build-aux/missing --run makeinfo'
MD5='/sbin/md5'
MKDIR_P='/usr/local/bin/gmkdir -p'
PACKAGE='opentsdb'
PACKAGE_BUGREPORT='opentsdb@googlegroups.com'
PACKAGE_NAME='opentsdb'
PACKAGE_STRING='opentsdb 2.3.0'
PACKAGE_TARNAME='opentsdb'
PACKAGE_VERSION='2.3.0'
PATH_SEPARATOR=':'
SET_MAKE=''
SHELL='/bin/sh'
STRIP=''
VERSION='2.3.0'
WGET='/usr/local/bin/wget'
am__isrc=' -I$(srcdir)'
am__leading_dot='.'
am__tar='${AMTAR} chof - "$$tardir"'
am__untar='${AMTAR} xf -'
bindir='${exec_prefix}/bin'
build_alias='pom.xml'
datadir='${datarootdir}'
datarootdir='${prefix}/share'
docdir='${datarootdir}/doc/${PACKAGE_TARNAME}'
dvidir='${docdir}'
exec_prefix='${prefix}'
host_alias='pom.xml'
htmldir='${docdir}'
includedir='${prefix}/include'
infodir='${datarootdir}/info'
install_sh='${SHELL} /xym/work_space/opentsdb/opentsdb-2.3.0/build-aux/install-sh'
libdir='${exec_prefix}/lib'
libexecdir='${exec_prefix}/libexec'
localedir='${datarootdir}/locale'
localstatedir='${prefix}/var'
mandir='${datarootdir}/man'
mkdir_p='/usr/local/bin/gmkdir -p'
oldincludedir='/usr/include'
pdfdir='${docdir}'
prefix='/usr/local'
program_transform_name='s,x,x,'
psdir='${docdir}'
sbindir='${exec_prefix}/sbin'
sharedstatedir='${prefix}/com'
staticdir='${pkgdatadir}/static'
sysconfdir='${prefix}/etc'
target_alias='pom.xml'

## ----------- ##
## confdefs.h. ##
## ----------- ##

#define PACKAGE_NAME "opentsdb"
#define PACKAGE_TARNAME "opentsdb"
#define PACKAGE_VERSION "2.3.0"
#define PACKAGE_STRING "opentsdb 2.3.0"
#define PACKAGE_BUGREPORT "opentsdb@googlegroups.com"
#define PACKAGE "opentsdb"
#define VERSION "2.3.0"

configure: exit 0
